<?xml version="1.0" encoding="UTF-8"?>
<testsuite name="com.kn.MessageSoapTests" tests="1" skipped="0" failures="0" errors="0" timestamp="2022-05-02T12:59:36" hostname="EEW00629" time="1.48">
  <properties/>
  <testcase name="testSoapService()" classname="com.kn.MessageSoapTests" time="1.48"/>
  <system-out><![CDATA[2022-05-02 15:59:36.789  INFO 53976 --- [    Test worker] t.a.d.r.DataR2dbcTestContextBootstrapper : Neither @ContextConfiguration nor @ContextHierarchy found for test class [com.kn.MessageSoapTests], using SpringBootContextLoader
2022-05-02 15:59:36.790  INFO 53976 --- [    Test worker] o.s.t.c.support.AbstractContextLoader    : Could not detect default resource locations for test class [com.kn.MessageSoapTests]: no resource found for suffixes {-context.xml, Context.groovy}.
2022-05-02 15:59:36.790  INFO 53976 --- [    Test worker] t.c.s.AnnotationConfigContextLoaderUtils : Could not detect default configuration classes for test class [com.kn.MessageSoapTests]: MessageSoapTests does not declare any static, non-private, non-final, nested classes annotated with @Configuration.
2022-05-02 15:59:36.795  INFO 53976 --- [    Test worker] .b.t.c.SpringBootTestContextBootstrapper : Found @SpringBootConfiguration com.kn.Application for test class com.kn.MessageSoapTests
2022-05-02 15:59:36.796  INFO 53976 --- [    Test worker] t.a.d.r.DataR2dbcTestContextBootstrapper : Loaded default TestExecutionListener class names from location [META-INF/spring.factories]: [org.springframework.boot.test.autoconfigure.restdocs.RestDocsTestExecutionListener, org.springframework.boot.test.autoconfigure.web.client.MockRestServiceServerResetTestExecutionListener, org.springframework.boot.test.autoconfigure.web.servlet.MockMvcPrintOnlyOnFailureTestExecutionListener, org.springframework.boot.test.autoconfigure.web.servlet.WebDriverTestExecutionListener, org.springframework.boot.test.autoconfigure.webservices.client.MockWebServiceServerTestExecutionListener, org.springframework.boot.test.mock.mockito.MockitoTestExecutionListener, org.springframework.boot.test.mock.mockito.ResetMocksTestExecutionListener, org.springframework.test.context.web.ServletTestExecutionListener, org.springframework.test.context.support.DirtiesContextBeforeModesTestExecutionListener, org.springframework.test.context.event.ApplicationEventsTestExecutionListener, org.springframework.test.context.support.DependencyInjectionTestExecutionListener, org.springframework.test.context.support.DirtiesContextTestExecutionListener, org.springframework.test.context.transaction.TransactionalTestExecutionListener, org.springframework.test.context.jdbc.SqlScriptsTestExecutionListener, org.springframework.test.context.event.EventPublishingTestExecutionListener]
2022-05-02 15:59:36.798  INFO 53976 --- [    Test worker] t.a.d.r.DataR2dbcTestContextBootstrapper : Using TestExecutionListeners: [org.springframework.test.context.support.DirtiesContextBeforeModesTestExecutionListener@47efaece, org.springframework.test.context.event.ApplicationEventsTestExecutionListener@5a1bf28f, org.springframework.boot.test.mock.mockito.MockitoTestExecutionListener@12799620, org.springframework.boot.test.autoconfigure.SpringBootDependencyInjectionTestExecutionListener@4a3a7b00, org.springframework.test.context.support.DirtiesContextTestExecutionListener@70993557, org.springframework.test.context.transaction.TransactionalTestExecutionListener@75933e41, org.springframework.test.context.jdbc.SqlScriptsTestExecutionListener@2b057e45, org.springframework.test.context.event.EventPublishingTestExecutionListener@327ef25e, org.springframework.boot.test.autoconfigure.restdocs.RestDocsTestExecutionListener@bf44acb, org.springframework.boot.test.autoconfigure.web.client.MockRestServiceServerResetTestExecutionListener@67f90cc2, org.springframework.boot.test.autoconfigure.web.servlet.MockMvcPrintOnlyOnFailureTestExecutionListener@678eb12e, org.springframework.boot.test.autoconfigure.web.servlet.WebDriverTestExecutionListener@22a75383, org.springframework.boot.test.autoconfigure.webservices.client.MockWebServiceServerTestExecutionListener@b2cf70e, org.springframework.boot.test.mock.mockito.ResetMocksTestExecutionListener@249c65b5]
]]></system-out>
  <system-err><![CDATA[]]></system-err>
</testsuite>
